\BOOKMARK [0][-]{chapter.1}{\376\377\0001\000\040\000N\000a\000m\000e\000s\000p\000a\000c\000e\000\040\000I\000n\000d\000e\000x}{}% 1
\BOOKMARK [1][-]{section.1.1}{\376\377\0001\000.\0001\000\040\000N\000a\000m\000e\000s\000p\000a\000c\000e\000\040\000L\000i\000s\000t}{chapter.1}% 2
\BOOKMARK [0][-]{chapter.2}{\376\377\0002\000\040\000H\000i\000e\000r\000a\000r\000c\000h\000i\000c\000a\000l\000\040\000I\000n\000d\000e\000x}{}% 3
\BOOKMARK [1][-]{section.2.1}{\376\377\0002\000.\0001\000\040\000C\000l\000a\000s\000s\000\040\000H\000i\000e\000r\000a\000r\000c\000h\000y}{chapter.2}% 4
\BOOKMARK [0][-]{chapter.3}{\376\377\0003\000\040\000C\000l\000a\000s\000s\000\040\000I\000n\000d\000e\000x}{}% 5
\BOOKMARK [1][-]{section.3.1}{\376\377\0003\000.\0001\000\040\000C\000l\000a\000s\000s\000\040\000L\000i\000s\000t}{chapter.3}% 6
\BOOKMARK [0][-]{chapter.4}{\376\377\0004\000\040\000F\000i\000l\000e\000\040\000I\000n\000d\000e\000x}{}% 7
\BOOKMARK [1][-]{section.4.1}{\376\377\0004\000.\0001\000\040\000F\000i\000l\000e\000\040\000L\000i\000s\000t}{chapter.4}% 8
\BOOKMARK [0][-]{chapter.5}{\376\377\0005\000\040\000N\000a\000m\000e\000s\000p\000a\000c\000e\000\040\000D\000o\000c\000u\000m\000e\000n\000t\000a\000t\000i\000o\000n}{}% 9
\BOOKMARK [1][-]{section.5.1}{\376\377\0005\000.\0001\000\040\000a\000n\000t\000s\000\040\000N\000a\000m\000e\000s\000p\000a\000c\000e\000\040\000R\000e\000f\000e\000r\000e\000n\000c\000e}{chapter.5}% 10
\BOOKMARK [1][-]{section.5.2}{\376\377\0005\000.\0002\000\040\000c\000o\000n\000s\000t\000a\000n\000t\000s\000\040\000N\000a\000m\000e\000s\000p\000a\000c\000e\000\040\000R\000e\000f\000e\000r\000e\000n\000c\000e}{chapter.5}% 11
\BOOKMARK [2][-]{subsection.5.2.1}{\376\377\0005\000.\0002\000.\0001\000\040\000V\000a\000r\000i\000a\000b\000l\000e\000\040\000D\000o\000c\000u\000m\000e\000n\000t\000a\000t\000i\000o\000n}{section.5.2}% 12
\BOOKMARK [3][-]{subsubsection.5.2.1.1}{\376\377\0005\000.\0002\000.\0001\000.\0001\000\040\000D\000I\000R\000E\000C\000T\000I\000O\000N\000S}{subsection.5.2.1}% 13
\BOOKMARK [3][-]{subsubsection.5.2.1.2}{\376\377\0005\000.\0002\000.\0001\000.\0002\000\040\000H\000E\000I\000G\000H\000T}{subsection.5.2.1}% 14
\BOOKMARK [3][-]{subsubsection.5.2.1.3}{\376\377\0005\000.\0002\000.\0001\000.\0003\000\040\000W\000I\000D\000T\000H}{subsection.5.2.1}% 15
\BOOKMARK [1][-]{section.5.3}{\376\377\0005\000.\0003\000\040\000c\000o\000n\000t\000r\000o\000l\000l\000e\000r\000\040\000N\000a\000m\000e\000s\000p\000a\000c\000e\000\040\000R\000e\000f\000e\000r\000e\000n\000c\000e}{chapter.5}% 16
\BOOKMARK [1][-]{section.5.4}{\376\377\0005\000.\0004\000\040\000d\000i\000s\000p\000l\000a\000y\000\040\000N\000a\000m\000e\000s\000p\000a\000c\000e\000\040\000R\000e\000f\000e\000r\000e\000n\000c\000e}{chapter.5}% 17
\BOOKMARK [1][-]{section.5.5}{\376\377\0005\000.\0005\000\040\000m\000a\000i\000n\000\040\000N\000a\000m\000e\000s\000p\000a\000c\000e\000\040\000R\000e\000f\000e\000r\000e\000n\000c\000e}{chapter.5}% 18
\BOOKMARK [2][-]{subsection.5.5.1}{\376\377\0005\000.\0005\000.\0001\000\040\000V\000a\000r\000i\000a\000b\000l\000e\000\040\000D\000o\000c\000u\000m\000e\000n\000t\000a\000t\000i\000o\000n}{section.5.5}% 19
\BOOKMARK [3][-]{subsubsection.5.5.1.1}{\376\377\0005\000.\0005\000.\0001\000.\0001\000\040\000s\000i\000m\000u\000l\000a\000t\000i\000o\000n}{subsection.5.5.1}% 20
\BOOKMARK [1][-]{section.5.6}{\376\377\0005\000.\0006\000\040\000t\000a\000s\000k\000\137\000m\000a\000n\000a\000g\000e\000r\000\040\000N\000a\000m\000e\000s\000p\000a\000c\000e\000\040\000R\000e\000f\000e\000r\000e\000n\000c\000e}{chapter.5}% 21
\BOOKMARK [1][-]{section.5.7}{\376\377\0005\000.\0007\000\040\000w\000o\000r\000l\000d\000\040\000N\000a\000m\000e\000s\000p\000a\000c\000e\000\040\000R\000e\000f\000e\000r\000e\000n\000c\000e}{chapter.5}% 22
\BOOKMARK [0][-]{chapter.6}{\376\377\0006\000\040\000C\000l\000a\000s\000s\000\040\000D\000o\000c\000u\000m\000e\000n\000t\000a\000t\000i\000o\000n}{}% 23
\BOOKMARK [1][-]{section.6.1}{\376\377\0006\000.\0001\000\040\000a\000n\000t\000s\000.\000A\000n\000t\000\040\000C\000l\000a\000s\000s\000\040\000R\000e\000f\000e\000r\000e\000n\000c\000e}{chapter.6}% 24
\BOOKMARK [2][-]{subsection.6.1.1}{\376\377\0006\000.\0001\000.\0001\000\040\000D\000e\000t\000a\000i\000l\000e\000d\000\040\000D\000e\000s\000c\000r\000i\000p\000t\000i\000o\000n}{section.6.1}% 25
\BOOKMARK [2][-]{subsection.6.1.2}{\376\377\0006\000.\0001\000.\0002\000\040\000C\000o\000n\000s\000t\000r\000u\000c\000t\000o\000r\000\040\000\046\000\040\000D\000e\000s\000t\000r\000u\000c\000t\000o\000r\000\040\000D\000o\000c\000u\000m\000e\000n\000t\000a\000t\000i\000o\000n}{section.6.1}% 26
\BOOKMARK [3][-]{subsubsection.6.1.2.1}{\376\377\0006\000.\0001\000.\0002\000.\0001\000\040\000\137\000\137\000i\000n\000i\000t\000\137\000\137}{subsection.6.1.2}% 27
\BOOKMARK [2][-]{subsection.6.1.3}{\376\377\0006\000.\0001\000.\0003\000\040\000M\000e\000m\000b\000e\000r\000\040\000F\000u\000n\000c\000t\000i\000o\000n\000\040\000D\000o\000c\000u\000m\000e\000n\000t\000a\000t\000i\000o\000n}{section.6.1}% 28
\BOOKMARK [3][-]{subsubsection.6.1.3.1}{\376\377\0006\000.\0001\000.\0003\000.\0001\000\040\000\137\000\137\000n\000o\000n\000z\000e\000r\000o\000\137\000\137}{subsection.6.1.3}% 29
\BOOKMARK [3][-]{subsubsection.6.1.3.2}{\376\377\0006\000.\0001\000.\0003\000.\0002\000\040\000a\000h\000e\000a\000d}{subsection.6.1.3}% 30
\BOOKMARK [3][-]{subsubsection.6.1.3.3}{\376\377\0006\000.\0001\000.\0003\000.\0003\000\040\000a\000h\000e\000a\000d\000\137\000l\000e\000f\000t}{subsection.6.1.3}% 31
\BOOKMARK [3][-]{subsubsection.6.1.3.4}{\376\377\0006\000.\0001\000.\0003\000.\0004\000\040\000a\000h\000e\000a\000d\000\137\000r\000i\000g\000h\000t}{subsection.6.1.3}% 32
\BOOKMARK [3][-]{subsubsection.6.1.3.5}{\376\377\0006\000.\0001\000.\0003\000.\0005\000\040\000b\000e\000h\000i\000n\000d}{subsection.6.1.3}% 33
\BOOKMARK [3][-]{subsubsection.6.1.3.6}{\376\377\0006\000.\0001\000.\0003\000.\0006\000\040\000d\000r\000o\000p\000\137\000f\000o\000o\000d}{subsection.6.1.3}% 34
\BOOKMARK [3][-]{subsubsection.6.1.3.7}{\376\377\0006\000.\0001\000.\0003\000.\0007\000\040\000h\000a\000s\000\137\000f\000o\000o\000d}{subsection.6.1.3}% 35
\BOOKMARK [3][-]{subsubsection.6.1.3.8}{\376\377\0006\000.\0001\000.\0003\000.\0008\000\040\000h\000e\000r\000e}{subsection.6.1.3}% 36
\BOOKMARK [3][-]{subsubsection.6.1.3.9}{\376\377\0006\000.\0001\000.\0003\000.\0009\000\040\000l\000o\000c\000a\000t\000e\000\137\000f\000o\000o\000d\000\137\000n\000e\000a\000r\000b\000y}{subsection.6.1.3}% 37
\BOOKMARK [3][-]{subsubsection.6.1.3.10}{\376\377\0006\000.\0001\000.\0003\000.\0001\0000\000\040\000l\000o\000c\000a\000t\000e\000\137\000f\000o\000o\000d\000\137\000s\000c\000e\000n\000t\000\137\000n\000e\000a\000r\000b\000y}{subsection.6.1.3}% 38
\BOOKMARK [3][-]{subsubsection.6.1.3.11}{\376\377\0006\000.\0001\000.\0003\000.\0001\0001\000\040\000l\000o\000c\000a\000t\000e\000\137\000h\000o\000m\000e\000\137\000n\000e\000a\000r\000b\000y}{subsection.6.1.3}% 39
\BOOKMARK [3][-]{subsubsection.6.1.3.12}{\376\377\0006\000.\0001\000.\0003\000.\0001\0002\000\040\000l\000o\000c\000a\000t\000e\000\137\000h\000o\000m\000e\000\137\000s\000c\000e\000n\000t\000\137\000n\000e\000a\000r\000b\000y}{subsection.6.1.3}% 40
\BOOKMARK [3][-]{subsubsection.6.1.3.13}{\376\377\0006\000.\0001\000.\0003\000.\0001\0003\000\040\000m\000o\000v\000e}{subsection.6.1.3}% 41
\BOOKMARK [3][-]{subsubsection.6.1.3.14}{\376\377\0006\000.\0001\000.\0003\000.\0001\0004\000\040\000n\000e\000i\000g\000h\000b\000o\000u\000r}{subsection.6.1.3}% 42
\BOOKMARK [3][-]{subsubsection.6.1.3.15}{\376\377\0006\000.\0001\000.\0003\000.\0001\0005\000\040\000r\000a\000n\000d\000o\000m\000\137\000m\000o\000v\000e}{subsection.6.1.3}% 43
\BOOKMARK [3][-]{subsubsection.6.1.3.16}{\376\377\0006\000.\0001\000.\0003\000.\0001\0006\000\040\000r\000a\000n\000k\000\137\000b\000y\000\137\000f\000o\000o\000d\000\137\000s\000c\000e\000n\000t}{subsection.6.1.3}% 44
\BOOKMARK [3][-]{subsubsection.6.1.3.17}{\376\377\0006\000.\0001\000.\0003\000.\0001\0007\000\040\000r\000a\000n\000k\000\137\000b\000y\000\137\000h\000o\000m\000e\000\137\000s\000c\000e\000n\000t}{subsection.6.1.3}% 45
\BOOKMARK [3][-]{subsubsection.6.1.3.18}{\376\377\0006\000.\0001\000.\0003\000.\0001\0008\000\040\000r\000e\000d\000u\000c\000e\000\137\000f\000o\000o\000d\000\137\000s\000c\000e\000n\000t}{subsection.6.1.3}% 46
\BOOKMARK [3][-]{subsubsection.6.1.3.19}{\376\377\0006\000.\0001\000.\0003\000.\0001\0009\000\040\000r\000e\000d\000u\000c\000e\000\137\000h\000o\000m\000e\000\137\000s\000c\000e\000n\000t}{subsection.6.1.3}% 47
\BOOKMARK [3][-]{subsubsection.6.1.3.20}{\376\377\0006\000.\0001\000.\0003\000.\0002\0000\000\040\000r\000e\000n\000d\000e\000r}{subsection.6.1.3}% 48
\BOOKMARK [3][-]{subsubsection.6.1.3.21}{\376\377\0006\000.\0001\000.\0003\000.\0002\0001\000\040\000t\000u\000r\000n}{subsection.6.1.3}% 49
\BOOKMARK [2][-]{subsection.6.1.4}{\376\377\0006\000.\0001\000.\0004\000\040\000M\000e\000m\000b\000e\000r\000\040\000D\000a\000t\000a\000\040\000D\000o\000c\000u\000m\000e\000n\000t\000a\000t\000i\000o\000n}{section.6.1}% 50
\BOOKMARK [3][-]{subsubsection.6.1.4.1}{\376\377\0006\000.\0001\000.\0004\000.\0001\000\040\000d\000i\000r\000e\000c\000t\000i\000o\000n}{subsection.6.1.4}% 51
\BOOKMARK [3][-]{subsubsection.6.1.4.2}{\376\377\0006\000.\0001\000.\0004\000.\0002\000\040\000f\000o\000o\000d}{subsection.6.1.4}% 52
\BOOKMARK [3][-]{subsubsection.6.1.4.3}{\376\377\0006\000.\0001\000.\0004\000.\0003\000\040\000f\000o\000o\000d\000\137\000s\000c\000e\000n\000t\000\137\000s\000t\000r\000e\000n\000g\000t\000h}{subsection.6.1.4}% 53
\BOOKMARK [3][-]{subsubsection.6.1.4.4}{\376\377\0006\000.\0001\000.\0004\000.\0004\000\040\000h\000o\000m\000e\000\137\000s\000c\000e\000n\000t\000\137\000s\000t\000r\000e\000n\000g\000t\000h}{subsection.6.1.4}% 54
\BOOKMARK [3][-]{subsubsection.6.1.4.5}{\376\377\0006\000.\0001\000.\0004\000.\0005\000\040\000i\000m\000a\000g\000e}{subsection.6.1.4}% 55
\BOOKMARK [3][-]{subsubsection.6.1.4.6}{\376\377\0006\000.\0001\000.\0004\000.\0006\000\040\000l\000o\000c\000a\000t\000i\000o\000n}{subsection.6.1.4}% 56
\BOOKMARK [3][-]{subsubsection.6.1.4.7}{\376\377\0006\000.\0001\000.\0004\000.\0007\000\040\000t\000a\000s\000k\000\137\000m\000a\000n\000a\000g\000e\000r}{subsection.6.1.4}% 57
\BOOKMARK [3][-]{subsubsection.6.1.4.8}{\376\377\0006\000.\0001\000.\0004\000.\0008\000\040\000w\000o\000r\000l\000d}{subsection.6.1.4}% 58
\BOOKMARK [1][-]{section.6.2}{\376\377\0006\000.\0002\000\040\000w\000o\000r\000l\000d\000.\000C\000e\000l\000l\000\040\000C\000l\000a\000s\000s\000\040\000R\000e\000f\000e\000r\000e\000n\000c\000e}{chapter.6}% 59
\BOOKMARK [2][-]{subsection.6.2.1}{\376\377\0006\000.\0002\000.\0001\000\040\000D\000e\000t\000a\000i\000l\000e\000d\000\040\000D\000e\000s\000c\000r\000i\000p\000t\000i\000o\000n}{section.6.2}% 60
\BOOKMARK [2][-]{subsection.6.2.2}{\376\377\0006\000.\0002\000.\0002\000\040\000C\000o\000n\000s\000t\000r\000u\000c\000t\000o\000r\000\040\000\046\000\040\000D\000e\000s\000t\000r\000u\000c\000t\000o\000r\000\040\000D\000o\000c\000u\000m\000e\000n\000t\000a\000t\000i\000o\000n}{section.6.2}% 61
\BOOKMARK [3][-]{subsubsection.6.2.2.1}{\376\377\0006\000.\0002\000.\0002\000.\0001\000\040\000\137\000\137\000i\000n\000i\000t\000\137\000\137}{subsection.6.2.2}% 62
\BOOKMARK [2][-]{subsection.6.2.3}{\376\377\0006\000.\0002\000.\0003\000\040\000M\000e\000m\000b\000e\000r\000\040\000F\000u\000n\000c\000t\000i\000o\000n\000\040\000D\000o\000c\000u\000m\000e\000n\000t\000a\000t\000i\000o\000n}{section.6.2}% 63
\BOOKMARK [3][-]{subsubsection.6.2.3.1}{\376\377\0006\000.\0002\000.\0003\000.\0001\000\040\000a\000d\000d\000\137\000f\000o\000o\000d}{subsection.6.2.3}% 64
\BOOKMARK [3][-]{subsubsection.6.2.3.2}{\376\377\0006\000.\0002\000.\0003\000.\0002\000\040\000a\000d\000d\000\137\000f\000o\000o\000d\000\137\000s\000c\000e\000n\000t}{subsection.6.2.3}% 65
\BOOKMARK [3][-]{subsubsection.6.2.3.3}{\376\377\0006\000.\0002\000.\0003\000.\0003\000\040\000a\000d\000d\000\137\000h\000o\000m\000e\000\137\000s\000c\000e\000n\000t}{subsection.6.2.3}% 66
\BOOKMARK [3][-]{subsubsection.6.2.3.4}{\376\377\0006\000.\0002\000.\0003\000.\0004\000\040\000e\000v\000a\000p\000o\000r\000a\000t\000e\000\137\000s\000c\000e\000n\000t}{subsection.6.2.3}% 67
\BOOKMARK [3][-]{subsubsection.6.2.3.5}{\376\377\0006\000.\0002\000.\0003\000.\0005\000\040\000g\000e\000t\000\137\000f\000o\000o\000d}{subsection.6.2.3}% 68
\BOOKMARK [3][-]{subsubsection.6.2.3.6}{\376\377\0006\000.\0002\000.\0003\000.\0006\000\040\000h\000a\000s\000\137\000a\000n\000t}{subsection.6.2.3}% 69
\BOOKMARK [3][-]{subsubsection.6.2.3.7}{\376\377\0006\000.\0002\000.\0003\000.\0007\000\040\000h\000a\000s\000\137\000f\000o\000o\000d}{subsection.6.2.3}% 70
\BOOKMARK [3][-]{subsubsection.6.2.3.8}{\376\377\0006\000.\0002\000.\0003\000.\0008\000\040\000i\000s\000\137\000f\000o\000o\000d}{subsection.6.2.3}% 71
\BOOKMARK [3][-]{subsubsection.6.2.3.9}{\376\377\0006\000.\0002\000.\0003\000.\0009\000\040\000i\000s\000\137\000h\000o\000m\000e}{subsection.6.2.3}% 72
\BOOKMARK [3][-]{subsubsection.6.2.3.10}{\376\377\0006\000.\0002\000.\0003\000.\0001\0000\000\040\000i\000s\000\137\000o\000b\000s\000t\000a\000c\000l\000e}{subsection.6.2.3}% 73
\BOOKMARK [3][-]{subsubsection.6.2.3.11}{\376\377\0006\000.\0002\000.\0003\000.\0001\0001\000\040\000m\000a\000k\000e\000\137\000h\000o\000m\000e}{subsection.6.2.3}% 74
\BOOKMARK [3][-]{subsubsection.6.2.3.12}{\376\377\0006\000.\0002\000.\0003\000.\0001\0002\000\040\000m\000a\000k\000e\000\137\000o\000b\000s\000t\000a\000c\000l\000e}{subsection.6.2.3}% 75
\BOOKMARK [3][-]{subsubsection.6.2.3.13}{\376\377\0006\000.\0002\000.\0003\000.\0001\0003\000\040\000r\000e\000n\000d\000e\000r}{subsection.6.2.3}% 76
\BOOKMARK [2][-]{subsection.6.2.4}{\376\377\0006\000.\0002\000.\0004\000\040\000M\000e\000m\000b\000e\000r\000\040\000D\000a\000t\000a\000\040\000D\000o\000c\000u\000m\000e\000n\000t\000a\000t\000i\000o\000n}{section.6.2}% 77
\BOOKMARK [3][-]{subsubsection.6.2.4.1}{\376\377\0006\000.\0002\000.\0004\000.\0001\000\040\000a\000n\000t}{subsection.6.2.4}% 78
\BOOKMARK [3][-]{subsubsection.6.2.4.2}{\376\377\0006\000.\0002\000.\0004\000.\0002\000\040\000f\000o\000o\000d}{subsection.6.2.4}% 79
\BOOKMARK [3][-]{subsubsection.6.2.4.3}{\376\377\0006\000.\0002\000.\0004\000.\0003\000\040\000f\000o\000o\000d\000\137\000s\000c\000e\000n\000t}{subsection.6.2.4}% 80
\BOOKMARK [3][-]{subsubsection.6.2.4.4}{\376\377\0006\000.\0002\000.\0004\000.\0004\000\040\000h\000o\000m\000e}{subsection.6.2.4}% 81
\BOOKMARK [3][-]{subsubsection.6.2.4.5}{\376\377\0006\000.\0002\000.\0004\000.\0005\000\040\000h\000o\000m\000e\000\137\000s\000c\000e\000n\000t}{subsection.6.2.4}% 82
\BOOKMARK [3][-]{subsubsection.6.2.4.6}{\376\377\0006\000.\0002\000.\0004\000.\0006\000\040\000o\000b\000s\000t\000a\000c\000l\000e}{subsection.6.2.4}% 83
\BOOKMARK [1][-]{section.6.3}{\376\377\0006\000.\0003\000\040\000t\000a\000s\000k\000\137\000m\000a\000n\000a\000g\000e\000r\000.\000D\000r\000o\000p\000F\000o\000o\000d\000\040\000C\000l\000a\000s\000s\000\040\000R\000e\000f\000e\000r\000e\000n\000c\000e}{chapter.6}% 84
\BOOKMARK [2][-]{subsection.6.3.1}{\376\377\0006\000.\0003\000.\0001\000\040\000D\000e\000t\000a\000i\000l\000e\000d\000\040\000D\000e\000s\000c\000r\000i\000p\000t\000i\000o\000n}{section.6.3}% 85
\BOOKMARK [2][-]{subsection.6.3.2}{\376\377\0006\000.\0003\000.\0002\000\040\000C\000o\000n\000s\000t\000r\000u\000c\000t\000o\000r\000\040\000\046\000\040\000D\000e\000s\000t\000r\000u\000c\000t\000o\000r\000\040\000D\000o\000c\000u\000m\000e\000n\000t\000a\000t\000i\000o\000n}{section.6.3}% 86
\BOOKMARK [3][-]{subsubsection.6.3.2.1}{\376\377\0006\000.\0003\000.\0002\000.\0001\000\040\000\137\000\137\000i\000n\000i\000t\000\137\000\137}{subsection.6.3.2}% 87
\BOOKMARK [2][-]{subsection.6.3.3}{\376\377\0006\000.\0003\000.\0003\000\040\000M\000e\000m\000b\000e\000r\000\040\000F\000u\000n\000c\000t\000i\000o\000n\000\040\000D\000o\000c\000u\000m\000e\000n\000t\000a\000t\000i\000o\000n}{section.6.3}% 88
\BOOKMARK [3][-]{subsubsection.6.3.3.1}{\376\377\0006\000.\0003\000.\0003\000.\0001\000\040\000e\000n\000d\000\137\000t\000a\000s\000k}{subsection.6.3.3}% 89
\BOOKMARK [3][-]{subsubsection.6.3.3.2}{\376\377\0006\000.\0003\000.\0003\000.\0002\000\040\000p\000e\000r\000f\000o\000r\000m\000\137\000t\000a\000s\000k}{subsection.6.3.3}% 90
\BOOKMARK [2][-]{subsection.6.3.4}{\376\377\0006\000.\0003\000.\0004\000\040\000M\000e\000m\000b\000e\000r\000\040\000D\000a\000t\000a\000\040\000D\000o\000c\000u\000m\000e\000n\000t\000a\000t\000i\000o\000n}{section.6.3}% 91
\BOOKMARK [3][-]{subsubsection.6.3.4.1}{\376\377\0006\000.\0003\000.\0004\000.\0001\000\040\000n\000e\000w\000\137\000t\000a\000s\000k}{subsection.6.3.4}% 92
\BOOKMARK [1][-]{section.6.4}{\376\377\0006\000.\0004\000\040\000d\000i\000s\000p\000l\000a\000y\000.\000E\000n\000t\000i\000t\000y\000\040\000C\000l\000a\000s\000s\000\040\000R\000e\000f\000e\000r\000e\000n\000c\000e}{chapter.6}% 93
\BOOKMARK [2][-]{subsection.6.4.1}{\376\377\0006\000.\0004\000.\0001\000\040\000D\000e\000t\000a\000i\000l\000e\000d\000\040\000D\000e\000s\000c\000r\000i\000p\000t\000i\000o\000n}{section.6.4}% 94
\BOOKMARK [2][-]{subsection.6.4.2}{\376\377\0006\000.\0004\000.\0002\000\040\000C\000o\000n\000s\000t\000r\000u\000c\000t\000o\000r\000\040\000\046\000\040\000D\000e\000s\000t\000r\000u\000c\000t\000o\000r\000\040\000D\000o\000c\000u\000m\000e\000n\000t\000a\000t\000i\000o\000n}{section.6.4}% 95
\BOOKMARK [3][-]{subsubsection.6.4.2.1}{\376\377\0006\000.\0004\000.\0002\000.\0001\000\040\000\137\000\137\000i\000n\000i\000t\000\137\000\137}{subsection.6.4.2}% 96
\BOOKMARK [2][-]{subsection.6.4.3}{\376\377\0006\000.\0004\000.\0003\000\040\000M\000e\000m\000b\000e\000r\000\040\000F\000u\000n\000c\000t\000i\000o\000n\000\040\000D\000o\000c\000u\000m\000e\000n\000t\000a\000t\000i\000o\000n}{section.6.4}% 97
\BOOKMARK [3][-]{subsubsection.6.4.3.1}{\376\377\0006\000.\0004\000.\0003\000.\0001\000\040\000r\000e\000n\000d\000e\000r}{subsection.6.4.3}% 98
\BOOKMARK [2][-]{subsection.6.4.4}{\376\377\0006\000.\0004\000.\0004\000\040\000M\000e\000m\000b\000e\000r\000\040\000D\000a\000t\000a\000\040\000D\000o\000c\000u\000m\000e\000n\000t\000a\000t\000i\000o\000n}{section.6.4}% 99
\BOOKMARK [3][-]{subsubsection.6.4.4.1}{\376\377\0006\000.\0004\000.\0004\000.\0001\000\040\000i\000m\000a\000g\000e}{subsection.6.4.4}% 100
\BOOKMARK [3][-]{subsubsection.6.4.4.2}{\376\377\0006\000.\0004\000.\0004\000.\0002\000\040\000l\000o\000c\000a\000t\000i\000o\000n}{subsection.6.4.4}% 101
\BOOKMARK [3][-]{subsubsection.6.4.4.3}{\376\377\0006\000.\0004\000.\0004\000.\0003\000\040\000s\000i\000z\000e}{subsection.6.4.4}% 102
\BOOKMARK [3][-]{subsubsection.6.4.4.4}{\376\377\0006\000.\0004\000.\0004\000.\0004\000\040\000w\000o\000r\000l\000d}{subsection.6.4.4}% 103
\BOOKMARK [1][-]{section.6.5}{\376\377\0006\000.\0005\000\040\000t\000a\000s\000k\000\137\000m\000a\000n\000a\000g\000e\000r\000.\000E\000x\000p\000l\000o\000r\000e\000\040\000C\000l\000a\000s\000s\000\040\000R\000e\000f\000e\000r\000e\000n\000c\000e}{chapter.6}% 104
\BOOKMARK [2][-]{subsection.6.5.1}{\376\377\0006\000.\0005\000.\0001\000\040\000D\000e\000t\000a\000i\000l\000e\000d\000\040\000D\000e\000s\000c\000r\000i\000p\000t\000i\000o\000n}{section.6.5}% 105
\BOOKMARK [2][-]{subsection.6.5.2}{\376\377\0006\000.\0005\000.\0002\000\040\000C\000o\000n\000s\000t\000r\000u\000c\000t\000o\000r\000\040\000\046\000\040\000D\000e\000s\000t\000r\000u\000c\000t\000o\000r\000\040\000D\000o\000c\000u\000m\000e\000n\000t\000a\000t\000i\000o\000n}{section.6.5}% 106
\BOOKMARK [3][-]{subsubsection.6.5.2.1}{\376\377\0006\000.\0005\000.\0002\000.\0001\000\040\000\137\000\137\000i\000n\000i\000t\000\137\000\137}{subsection.6.5.2}% 107
\BOOKMARK [2][-]{subsection.6.5.3}{\376\377\0006\000.\0005\000.\0003\000\040\000M\000e\000m\000b\000e\000r\000\040\000F\000u\000n\000c\000t\000i\000o\000n\000\040\000D\000o\000c\000u\000m\000e\000n\000t\000a\000t\000i\000o\000n}{section.6.5}% 108
\BOOKMARK [3][-]{subsubsection.6.5.3.1}{\376\377\0006\000.\0005\000.\0003\000.\0001\000\040\000p\000e\000r\000f\000o\000r\000m\000\137\000t\000a\000s\000k}{subsection.6.5.3}% 109
\BOOKMARK [2][-]{subsection.6.5.4}{\376\377\0006\000.\0005\000.\0004\000\040\000M\000e\000m\000b\000e\000r\000\040\000D\000a\000t\000a\000\040\000D\000o\000c\000u\000m\000e\000n\000t\000a\000t\000i\000o\000n}{section.6.5}% 110
\BOOKMARK [3][-]{subsubsection.6.5.4.1}{\376\377\0006\000.\0005\000.\0004\000.\0001\000\040\000n\000e\000w\000\137\000t\000a\000s\000k}{subsection.6.5.4}% 111
\BOOKMARK [1][-]{section.6.6}{\376\377\0006\000.\0006\000\040\000t\000a\000s\000k\000\137\000m\000a\000n\000a\000g\000e\000r\000.\000F\000o\000l\000l\000o\000w\000F\000o\000o\000d\000T\000r\000a\000i\000l\000\040\000C\000l\000a\000s\000s\000\040\000R\000e\000f\000e\000r\000e\000n\000c\000e}{chapter.6}% 112
\BOOKMARK [2][-]{subsection.6.6.1}{\376\377\0006\000.\0006\000.\0001\000\040\000D\000e\000t\000a\000i\000l\000e\000d\000\040\000D\000e\000s\000c\000r\000i\000p\000t\000i\000o\000n}{section.6.6}% 113
\BOOKMARK [2][-]{subsection.6.6.2}{\376\377\0006\000.\0006\000.\0002\000\040\000C\000o\000n\000s\000t\000r\000u\000c\000t\000o\000r\000\040\000\046\000\040\000D\000e\000s\000t\000r\000u\000c\000t\000o\000r\000\040\000D\000o\000c\000u\000m\000e\000n\000t\000a\000t\000i\000o\000n}{section.6.6}% 114
\BOOKMARK [3][-]{subsubsection.6.6.2.1}{\376\377\0006\000.\0006\000.\0002\000.\0001\000\040\000\137\000\137\000i\000n\000i\000t\000\137\000\137}{subsection.6.6.2}% 115
\BOOKMARK [2][-]{subsection.6.6.3}{\376\377\0006\000.\0006\000.\0003\000\040\000M\000e\000m\000b\000e\000r\000\040\000F\000u\000n\000c\000t\000i\000o\000n\000\040\000D\000o\000c\000u\000m\000e\000n\000t\000a\000t\000i\000o\000n}{section.6.6}% 116
\BOOKMARK [3][-]{subsubsection.6.6.3.1}{\376\377\0006\000.\0006\000.\0003\000.\0001\000\040\000p\000e\000r\000f\000o\000r\000m\000\137\000t\000a\000s\000k}{subsection.6.6.3}% 117
\BOOKMARK [3][-]{subsubsection.6.6.3.2}{\376\377\0006\000.\0006\000.\0003\000.\0002\000\040\000s\000t\000a\000r\000t\000\137\000t\000a\000s\000k}{subsection.6.6.3}% 118
\BOOKMARK [2][-]{subsection.6.6.4}{\376\377\0006\000.\0006\000.\0004\000\040\000M\000e\000m\000b\000e\000r\000\040\000D\000a\000t\000a\000\040\000D\000o\000c\000u\000m\000e\000n\000t\000a\000t\000i\000o\000n}{section.6.6}% 119
\BOOKMARK [3][-]{subsubsection.6.6.4.1}{\376\377\0006\000.\0006\000.\0004\000.\0001\000\040\000n\000e\000w\000\137\000t\000a\000s\000k}{subsection.6.6.4}% 120
\BOOKMARK [1][-]{section.6.7}{\376\377\0006\000.\0007\000\040\000t\000a\000s\000k\000\137\000m\000a\000n\000a\000g\000e\000r\000.\000F\000o\000l\000l\000o\000w\000H\000o\000m\000e\000T\000r\000a\000i\000l\000\040\000C\000l\000a\000s\000s\000\040\000R\000e\000f\000e\000r\000e\000n\000c\000e}{chapter.6}% 121
\BOOKMARK [2][-]{subsection.6.7.1}{\376\377\0006\000.\0007\000.\0001\000\040\000D\000e\000t\000a\000i\000l\000e\000d\000\040\000D\000e\000s\000c\000r\000i\000p\000t\000i\000o\000n}{section.6.7}% 122
\BOOKMARK [2][-]{subsection.6.7.2}{\376\377\0006\000.\0007\000.\0002\000\040\000C\000o\000n\000s\000t\000r\000u\000c\000t\000o\000r\000\040\000\046\000\040\000D\000e\000s\000t\000r\000u\000c\000t\000o\000r\000\040\000D\000o\000c\000u\000m\000e\000n\000t\000a\000t\000i\000o\000n}{section.6.7}% 123
\BOOKMARK [3][-]{subsubsection.6.7.2.1}{\376\377\0006\000.\0007\000.\0002\000.\0001\000\040\000\137\000\137\000i\000n\000i\000t\000\137\000\137}{subsection.6.7.2}% 124
\BOOKMARK [2][-]{subsection.6.7.3}{\376\377\0006\000.\0007\000.\0003\000\040\000M\000e\000m\000b\000e\000r\000\040\000F\000u\000n\000c\000t\000i\000o\000n\000\040\000D\000o\000c\000u\000m\000e\000n\000t\000a\000t\000i\000o\000n}{section.6.7}% 125
\BOOKMARK [3][-]{subsubsection.6.7.3.1}{\376\377\0006\000.\0007\000.\0003\000.\0001\000\040\000p\000e\000r\000f\000o\000r\000m\000\137\000t\000a\000s\000k}{subsection.6.7.3}% 126
\BOOKMARK [3][-]{subsubsection.6.7.3.2}{\376\377\0006\000.\0007\000.\0003\000.\0002\000\040\000s\000t\000a\000r\000t\000\137\000t\000a\000s\000k}{subsection.6.7.3}% 127
\BOOKMARK [2][-]{subsection.6.7.4}{\376\377\0006\000.\0007\000.\0004\000\040\000M\000e\000m\000b\000e\000r\000\040\000D\000a\000t\000a\000\040\000D\000o\000c\000u\000m\000e\000n\000t\000a\000t\000i\000o\000n}{section.6.7}% 128
\BOOKMARK [3][-]{subsubsection.6.7.4.1}{\376\377\0006\000.\0007\000.\0004\000.\0001\000\040\000n\000e\000w\000\137\000t\000a\000s\000k}{subsection.6.7.4}% 129
\BOOKMARK [1][-]{section.6.8}{\376\377\0006\000.\0008\000\040\000a\000n\000t\000s\000.\000Q\000u\000e\000e\000n\000A\000n\000t\000\040\000C\000l\000a\000s\000s\000\040\000R\000e\000f\000e\000r\000e\000n\000c\000e}{chapter.6}% 130
\BOOKMARK [2][-]{subsection.6.8.1}{\376\377\0006\000.\0008\000.\0001\000\040\000D\000e\000t\000a\000i\000l\000e\000d\000\040\000D\000e\000s\000c\000r\000i\000p\000t\000i\000o\000n}{section.6.8}% 131
\BOOKMARK [2][-]{subsection.6.8.2}{\376\377\0006\000.\0008\000.\0002\000\040\000C\000o\000n\000s\000t\000r\000u\000c\000t\000o\000r\000\040\000\046\000\040\000D\000e\000s\000t\000r\000u\000c\000t\000o\000r\000\040\000D\000o\000c\000u\000m\000e\000n\000t\000a\000t\000i\000o\000n}{section.6.8}% 132
\BOOKMARK [3][-]{subsubsection.6.8.2.1}{\376\377\0006\000.\0008\000.\0002\000.\0001\000\040\000\137\000\137\000i\000n\000i\000t\000\137\000\137}{subsection.6.8.2}% 133
\BOOKMARK [1][-]{section.6.9}{\376\377\0006\000.\0009\000\040\000c\000o\000n\000t\000r\000o\000l\000l\000e\000r\000.\000S\000i\000m\000u\000l\000a\000t\000i\000o\000n\000\040\000C\000l\000a\000s\000s\000\040\000R\000e\000f\000e\000r\000e\000n\000c\000e}{chapter.6}% 134
\BOOKMARK [2][-]{subsection.6.9.1}{\376\377\0006\000.\0009\000.\0001\000\040\000D\000e\000t\000a\000i\000l\000e\000d\000\040\000D\000e\000s\000c\000r\000i\000p\000t\000i\000o\000n}{section.6.9}% 135
\BOOKMARK [2][-]{subsection.6.9.2}{\376\377\0006\000.\0009\000.\0002\000\040\000C\000o\000n\000s\000t\000r\000u\000c\000t\000o\000r\000\040\000\046\000\040\000D\000e\000s\000t\000r\000u\000c\000t\000o\000r\000\040\000D\000o\000c\000u\000m\000e\000n\000t\000a\000t\000i\000o\000n}{section.6.9}% 136
\BOOKMARK [3][-]{subsubsection.6.9.2.1}{\376\377\0006\000.\0009\000.\0002\000.\0001\000\040\000\137\000\137\000i\000n\000i\000t\000\137\000\137}{subsection.6.9.2}% 137
\BOOKMARK [2][-]{subsection.6.9.3}{\376\377\0006\000.\0009\000.\0003\000\040\000M\000e\000m\000b\000e\000r\000\040\000F\000u\000n\000c\000t\000i\000o\000n\000\040\000D\000o\000c\000u\000m\000e\000n\000t\000a\000t\000i\000o\000n}{section.6.9}% 138
\BOOKMARK [3][-]{subsubsection.6.9.3.1}{\376\377\0006\000.\0009\000.\0003\000.\0001\000\040\000a\000d\000d\000\137\000i\000m\000a\000g\000e}{subsection.6.9.3}% 139
\BOOKMARK [3][-]{subsubsection.6.9.3.2}{\376\377\0006\000.\0009\000.\0003\000.\0002\000\040\000h\000a\000n\000d\000l\000e\000\137\000e\000v\000e\000n\000t\000s}{subsection.6.9.3}% 140
\BOOKMARK [3][-]{subsubsection.6.9.3.3}{\376\377\0006\000.\0009\000.\0003\000.\0003\000\040\000m\000a\000i\000n\000\137\000l\000o\000o\000p}{subsection.6.9.3}% 141
\BOOKMARK [3][-]{subsubsection.6.9.3.4}{\376\377\0006\000.\0009\000.\0003\000.\0004\000\040\000r\000u\000n}{subsection.6.9.3}% 142
\BOOKMARK [2][-]{subsection.6.9.4}{\376\377\0006\000.\0009\000.\0004\000\040\000M\000e\000m\000b\000e\000r\000\040\000D\000a\000t\000a\000\040\000D\000o\000c\000u\000m\000e\000n\000t\000a\000t\000i\000o\000n}{section.6.9}% 143
\BOOKMARK [3][-]{subsubsection.6.9.4.1}{\376\377\0006\000.\0009\000.\0004\000.\0001\000\040\000c\000l\000o\000c\000k}{subsection.6.9.4}% 144
\BOOKMARK [3][-]{subsubsection.6.9.4.2}{\376\377\0006\000.\0009\000.\0004\000.\0002\000\040\000f\000r\000a\000m\000e\000r\000a\000t\000e}{subsection.6.9.4}% 145
\BOOKMARK [3][-]{subsubsection.6.9.4.3}{\376\377\0006\000.\0009\000.\0004\000.\0003\000\040\000i\000m\000a\000g\000e\000s}{subsection.6.9.4}% 146
\BOOKMARK [3][-]{subsubsection.6.9.4.4}{\376\377\0006\000.\0009\000.\0004\000.\0004\000\040\000q\000u\000i\000t}{subsection.6.9.4}% 147
\BOOKMARK [3][-]{subsubsection.6.9.4.5}{\376\377\0006\000.\0009\000.\0004\000.\0005\000\040\000s\000e\000t\000t\000i\000n\000g\000s}{subsection.6.9.4}% 148
\BOOKMARK [3][-]{subsubsection.6.9.4.6}{\376\377\0006\000.\0009\000.\0004\000.\0006\000\040\000w\000o\000r\000l\000d}{subsection.6.9.4}% 149
\BOOKMARK [1][-]{section.6.10}{\376\377\0006\000.\0001\0000\000\040\000t\000a\000s\000k\000\137\000m\000a\000n\000a\000g\000e\000r\000.\000T\000a\000k\000e\000F\000o\000o\000d\000\040\000C\000l\000a\000s\000s\000\040\000R\000e\000f\000e\000r\000e\000n\000c\000e}{chapter.6}% 150
\BOOKMARK [2][-]{subsection.6.10.1}{\376\377\0006\000.\0001\0000\000.\0001\000\040\000D\000e\000t\000a\000i\000l\000e\000d\000\040\000D\000e\000s\000c\000r\000i\000p\000t\000i\000o\000n}{section.6.10}% 151
\BOOKMARK [2][-]{subsection.6.10.2}{\376\377\0006\000.\0001\0000\000.\0002\000\040\000C\000o\000n\000s\000t\000r\000u\000c\000t\000o\000r\000\040\000\046\000\040\000D\000e\000s\000t\000r\000u\000c\000t\000o\000r\000\040\000D\000o\000c\000u\000m\000e\000n\000t\000a\000t\000i\000o\000n}{section.6.10}% 152
\BOOKMARK [3][-]{subsubsection.6.10.2.1}{\376\377\0006\000.\0001\0000\000.\0002\000.\0001\000\040\000\137\000\137\000i\000n\000i\000t\000\137\000\137}{subsection.6.10.2}% 153
\BOOKMARK [2][-]{subsection.6.10.3}{\376\377\0006\000.\0001\0000\000.\0003\000\040\000M\000e\000m\000b\000e\000r\000\040\000F\000u\000n\000c\000t\000i\000o\000n\000\040\000D\000o\000c\000u\000m\000e\000n\000t\000a\000t\000i\000o\000n}{section.6.10}% 154
\BOOKMARK [3][-]{subsubsection.6.10.3.1}{\376\377\0006\000.\0001\0000\000.\0003\000.\0001\000\040\000e\000n\000d\000\137\000t\000a\000s\000k}{subsection.6.10.3}% 155
\BOOKMARK [3][-]{subsubsection.6.10.3.2}{\376\377\0006\000.\0001\0000\000.\0003\000.\0002\000\040\000p\000e\000r\000f\000o\000r\000m\000\137\000t\000a\000s\000k}{subsection.6.10.3}% 156
\BOOKMARK [2][-]{subsection.6.10.4}{\376\377\0006\000.\0001\0000\000.\0004\000\040\000M\000e\000m\000b\000e\000r\000\040\000D\000a\000t\000a\000\040\000D\000o\000c\000u\000m\000e\000n\000t\000a\000t\000i\000o\000n}{section.6.10}% 157
\BOOKMARK [3][-]{subsubsection.6.10.4.1}{\376\377\0006\000.\0001\0000\000.\0004\000.\0001\000\040\000n\000e\000w\000\137\000t\000a\000s\000k}{subsection.6.10.4}% 158
\BOOKMARK [1][-]{section.6.11}{\376\377\0006\000.\0001\0001\000\040\000t\000a\000s\000k\000\137\000m\000a\000n\000a\000g\000e\000r\000.\000T\000a\000s\000k\000\040\000C\000l\000a\000s\000s\000\040\000R\000e\000f\000e\000r\000e\000n\000c\000e}{chapter.6}% 159
\BOOKMARK [2][-]{subsection.6.11.1}{\376\377\0006\000.\0001\0001\000.\0001\000\040\000D\000e\000t\000a\000i\000l\000e\000d\000\040\000D\000e\000s\000c\000r\000i\000p\000t\000i\000o\000n}{section.6.11}% 160
\BOOKMARK [2][-]{subsection.6.11.2}{\376\377\0006\000.\0001\0001\000.\0002\000\040\000C\000o\000n\000s\000t\000r\000u\000c\000t\000o\000r\000\040\000\046\000\040\000D\000e\000s\000t\000r\000u\000c\000t\000o\000r\000\040\000D\000o\000c\000u\000m\000e\000n\000t\000a\000t\000i\000o\000n}{section.6.11}% 161
\BOOKMARK [3][-]{subsubsection.6.11.2.1}{\376\377\0006\000.\0001\0001\000.\0002\000.\0001\000\040\000\137\000\137\000i\000n\000i\000t\000\137\000\137}{subsection.6.11.2}% 162
\BOOKMARK [2][-]{subsection.6.11.3}{\376\377\0006\000.\0001\0001\000.\0003\000\040\000M\000e\000m\000b\000e\000r\000\040\000F\000u\000n\000c\000t\000i\000o\000n\000\040\000D\000o\000c\000u\000m\000e\000n\000t\000a\000t\000i\000o\000n}{section.6.11}% 163
\BOOKMARK [3][-]{subsubsection.6.11.3.1}{\376\377\0006\000.\0001\0001\000.\0003\000.\0001\000\040\000e\000n\000d\000\137\000t\000a\000s\000k}{subsection.6.11.3}% 164
\BOOKMARK [3][-]{subsubsection.6.11.3.2}{\376\377\0006\000.\0001\0001\000.\0003\000.\0002\000\040\000g\000e\000t\000\137\000n\000e\000w\000\137\000t\000a\000s\000k}{subsection.6.11.3}% 165
\BOOKMARK [3][-]{subsubsection.6.11.3.3}{\376\377\0006\000.\0001\0001\000.\0003\000.\0003\000\040\000p\000e\000r\000f\000o\000r\000m\000\137\000t\000a\000s\000k}{subsection.6.11.3}% 166
\BOOKMARK [3][-]{subsubsection.6.11.3.4}{\376\377\0006\000.\0001\0001\000.\0003\000.\0004\000\040\000s\000t\000a\000r\000t\000\137\000t\000a\000s\000k}{subsection.6.11.3}% 167
\BOOKMARK [2][-]{subsection.6.11.4}{\376\377\0006\000.\0001\0001\000.\0004\000\040\000M\000e\000m\000b\000e\000r\000\040\000D\000a\000t\000a\000\040\000D\000o\000c\000u\000m\000e\000n\000t\000a\000t\000i\000o\000n}{section.6.11}% 168
\BOOKMARK [3][-]{subsubsection.6.11.4.1}{\376\377\0006\000.\0001\0001\000.\0004\000.\0001\000\040\000a\000n\000t}{subsection.6.11.4}% 169
\BOOKMARK [3][-]{subsubsection.6.11.4.2}{\376\377\0006\000.\0001\0001\000.\0004\000.\0002\000\040\000n\000a\000m\000e}{subsection.6.11.4}% 170
\BOOKMARK [3][-]{subsubsection.6.11.4.3}{\376\377\0006\000.\0001\0001\000.\0004\000.\0003\000\040\000n\000e\000w\000\137\000t\000a\000s\000k}{subsection.6.11.4}% 171
\BOOKMARK [1][-]{section.6.12}{\376\377\0006\000.\0001\0002\000\040\000t\000a\000s\000k\000\137\000m\000a\000n\000a\000g\000e\000r\000.\000T\000a\000s\000k\000M\000a\000n\000a\000g\000e\000r\000\040\000C\000l\000a\000s\000s\000\040\000R\000e\000f\000e\000r\000e\000n\000c\000e}{chapter.6}% 172
\BOOKMARK [2][-]{subsection.6.12.1}{\376\377\0006\000.\0001\0002\000.\0001\000\040\000D\000e\000t\000a\000i\000l\000e\000d\000\040\000D\000e\000s\000c\000r\000i\000p\000t\000i\000o\000n}{section.6.12}% 173
\BOOKMARK [2][-]{subsection.6.12.2}{\376\377\0006\000.\0001\0002\000.\0002\000\040\000C\000o\000n\000s\000t\000r\000u\000c\000t\000o\000r\000\040\000\046\000\040\000D\000e\000s\000t\000r\000u\000c\000t\000o\000r\000\040\000D\000o\000c\000u\000m\000e\000n\000t\000a\000t\000i\000o\000n}{section.6.12}% 174
\BOOKMARK [3][-]{subsubsection.6.12.2.1}{\376\377\0006\000.\0001\0002\000.\0002\000.\0001\000\040\000\137\000\137\000i\000n\000i\000t\000\137\000\137}{subsection.6.12.2}% 175
\BOOKMARK [2][-]{subsection.6.12.3}{\376\377\0006\000.\0001\0002\000.\0003\000\040\000M\000e\000m\000b\000e\000r\000\040\000F\000u\000n\000c\000t\000i\000o\000n\000\040\000D\000o\000c\000u\000m\000e\000n\000t\000a\000t\000i\000o\000n}{section.6.12}% 176
\BOOKMARK [3][-]{subsubsection.6.12.3.1}{\376\377\0006\000.\0001\0002\000.\0003\000.\0001\000\040\000a\000d\000d\000\137\000t\000a\000s\000k}{subsection.6.12.3}% 177
\BOOKMARK [3][-]{subsubsection.6.12.3.2}{\376\377\0006\000.\0001\0002\000.\0003\000.\0002\000\040\000m\000a\000k\000e\000\137\000d\000e\000c\000i\000s\000i\000o\000n}{subsection.6.12.3}% 178
\BOOKMARK [3][-]{subsubsection.6.12.3.3}{\376\377\0006\000.\0001\0002\000.\0003\000.\0003\000\040\000s\000e\000t\000\137\000a\000c\000t\000i\000v\000e\000\137\000t\000a\000s\000k}{subsection.6.12.3}% 179
\BOOKMARK [2][-]{subsection.6.12.4}{\376\377\0006\000.\0001\0002\000.\0004\000\040\000M\000e\000m\000b\000e\000r\000\040\000D\000a\000t\000a\000\040\000D\000o\000c\000u\000m\000e\000n\000t\000a\000t\000i\000o\000n}{section.6.12}% 180
\BOOKMARK [3][-]{subsubsection.6.12.4.1}{\376\377\0006\000.\0001\0002\000.\0004\000.\0001\000\040\000a\000c\000t\000i\000v\000e\000\137\000t\000a\000s\000k}{subsection.6.12.4}% 181
\BOOKMARK [3][-]{subsubsection.6.12.4.2}{\376\377\0006\000.\0001\0002\000.\0004\000.\0002\000\040\000t\000a\000s\000k\000s}{subsection.6.12.4}% 182
\BOOKMARK [1][-]{section.6.13}{\376\377\0006\000.\0001\0003\000\040\000a\000n\000t\000s\000.\000W\000o\000r\000k\000e\000r\000A\000n\000t\000\040\000C\000l\000a\000s\000s\000\040\000R\000e\000f\000e\000r\000e\000n\000c\000e}{chapter.6}% 183
\BOOKMARK [2][-]{subsection.6.13.1}{\376\377\0006\000.\0001\0003\000.\0001\000\040\000D\000e\000t\000a\000i\000l\000e\000d\000\040\000D\000e\000s\000c\000r\000i\000p\000t\000i\000o\000n}{section.6.13}% 184
\BOOKMARK [2][-]{subsection.6.13.2}{\376\377\0006\000.\0001\0003\000.\0002\000\040\000C\000o\000n\000s\000t\000r\000u\000c\000t\000o\000r\000\040\000\046\000\040\000D\000e\000s\000t\000r\000u\000c\000t\000o\000r\000\040\000D\000o\000c\000u\000m\000e\000n\000t\000a\000t\000i\000o\000n}{section.6.13}% 185
\BOOKMARK [3][-]{subsubsection.6.13.2.1}{\376\377\0006\000.\0001\0003\000.\0002\000.\0001\000\040\000\137\000\137\000i\000n\000i\000t\000\137\000\137}{subsection.6.13.2}% 186
\BOOKMARK [1][-]{section.6.14}{\376\377\0006\000.\0001\0004\000\040\000w\000o\000r\000l\000d\000.\000W\000o\000r\000l\000d\000\040\000C\000l\000a\000s\000s\000\040\000R\000e\000f\000e\000r\000e\000n\000c\000e}{chapter.6}% 187
\BOOKMARK [2][-]{subsection.6.14.1}{\376\377\0006\000.\0001\0004\000.\0001\000\040\000D\000e\000t\000a\000i\000l\000e\000d\000\040\000D\000e\000s\000c\000r\000i\000p\000t\000i\000o\000n}{section.6.14}% 188
\BOOKMARK [2][-]{subsection.6.14.2}{\376\377\0006\000.\0001\0004\000.\0002\000\040\000C\000o\000n\000s\000t\000r\000u\000c\000t\000o\000r\000\040\000\046\000\040\000D\000e\000s\000t\000r\000u\000c\000t\000o\000r\000\040\000D\000o\000c\000u\000m\000e\000n\000t\000a\000t\000i\000o\000n}{section.6.14}% 189
\BOOKMARK [3][-]{subsubsection.6.14.2.1}{\376\377\0006\000.\0001\0004\000.\0002\000.\0001\000\040\000\137\000\137\000i\000n\000i\000t\000\137\000\137}{subsection.6.14.2}% 190
\BOOKMARK [2][-]{subsection.6.14.3}{\376\377\0006\000.\0001\0004\000.\0003\000\040\000M\000e\000m\000b\000e\000r\000\040\000F\000u\000n\000c\000t\000i\000o\000n\000\040\000D\000o\000c\000u\000m\000e\000n\000t\000a\000t\000i\000o\000n}{section.6.14}% 191
\BOOKMARK [3][-]{subsubsection.6.14.3.1}{\376\377\0006\000.\0001\0004\000.\0003\000.\0001\000\040\000\137\000\137\000g\000e\000t\000i\000t\000e\000m\000\137\000\137}{subsection.6.14.3}% 192
\BOOKMARK [3][-]{subsubsection.6.14.3.2}{\376\377\0006\000.\0001\0004\000.\0003\000.\0002\000\040\000a\000d\000v\000a\000n\000c\000e}{subsection.6.14.3}% 193
\BOOKMARK [3][-]{subsubsection.6.14.3.3}{\376\377\0006\000.\0001\0004\000.\0003\000.\0003\000\040\000c\000o\000n\000v\000e\000r\000t\000\137\000i\000m\000a\000g\000e\000s}{subsection.6.14.3}% 194
\BOOKMARK [3][-]{subsubsection.6.14.3.4}{\376\377\0006\000.\0001\0004\000.\0003\000.\0004\000\040\000c\000r\000e\000a\000t\000e\000\137\000h\000o\000m\000e}{subsection.6.14.3}% 195
\BOOKMARK [3][-]{subsubsection.6.14.3.5}{\376\377\0006\000.\0001\0004\000.\0003\000.\0005\000\040\000e\000v\000a\000p\000o\000r\000a\000t\000e\000\137\000s\000c\000e\000n\000t}{subsection.6.14.3}% 196
\BOOKMARK [3][-]{subsubsection.6.14.3.6}{\376\377\0006\000.\0001\0004\000.\0003\000.\0006\000\040\000r\000e\000n\000d\000e\000r}{subsection.6.14.3}% 197
\BOOKMARK [3][-]{subsubsection.6.14.3.7}{\376\377\0006\000.\0001\0004\000.\0003\000.\0007\000\040\000s\000p\000a\000w\000n\000\137\000a\000n\000t\000s}{subsection.6.14.3}% 198
\BOOKMARK [3][-]{subsubsection.6.14.3.8}{\376\377\0006\000.\0001\0004\000.\0003\000.\0008\000\040\000s\000p\000a\000w\000n\000\137\000f\000o\000o\000d\000s\000o\000u\000r\000c\000e}{subsection.6.14.3}% 199
\BOOKMARK [2][-]{subsection.6.14.4}{\376\377\0006\000.\0001\0004\000.\0004\000\040\000M\000e\000m\000b\000e\000r\000\040\000D\000a\000t\000a\000\040\000D\000o\000c\000u\000m\000e\000n\000t\000a\000t\000i\000o\000n}{section.6.14}% 200
\BOOKMARK [3][-]{subsubsection.6.14.4.1}{\376\377\0006\000.\0001\0004\000.\0004\000.\0001\000\040\000a\000n\000t\000s}{subsection.6.14.4}% 201
\BOOKMARK [3][-]{subsubsection.6.14.4.2}{\376\377\0006\000.\0001\0004\000.\0004\000.\0002\000\040\000c\000a\000n\000v\000a\000s}{subsection.6.14.4}% 202
\BOOKMARK [3][-]{subsubsection.6.14.4.3}{\376\377\0006\000.\0001\0004\000.\0004\000.\0003\000\040\000c\000e\000l\000l\000\137\000s\000i\000z\000e}{subsection.6.14.4}% 203
\BOOKMARK [3][-]{subsubsection.6.14.4.4}{\376\377\0006\000.\0001\0004\000.\0004\000.\0004\000\040\000c\000e\000l\000l\000s}{subsection.6.14.4}% 204
\BOOKMARK [3][-]{subsubsection.6.14.4.5}{\376\377\0006\000.\0001\0004\000.\0004\000.\0005\000\040\000c\000o\000u\000n\000t\000e\000r}{subsection.6.14.4}% 205
\BOOKMARK [3][-]{subsubsection.6.14.4.6}{\376\377\0006\000.\0001\0004\000.\0004\000.\0006\000\040\000h\000e\000i\000g\000h\000t}{subsection.6.14.4}% 206
\BOOKMARK [3][-]{subsubsection.6.14.4.7}{\376\377\0006\000.\0001\0004\000.\0004\000.\0007\000\040\000i\000m\000a\000g\000e\000s}{subsection.6.14.4}% 207
\BOOKMARK [3][-]{subsubsection.6.14.4.8}{\376\377\0006\000.\0001\0004\000.\0004\000.\0008\000\040\000s\000e\000t\000t\000i\000n\000g\000s}{subsection.6.14.4}% 208
\BOOKMARK [3][-]{subsubsection.6.14.4.9}{\376\377\0006\000.\0001\0004\000.\0004\000.\0009\000\040\000w\000i\000d\000t\000h}{subsection.6.14.4}% 209
\BOOKMARK [0][-]{chapter.7}{\376\377\0007\000\040\000F\000i\000l\000e\000\040\000D\000o\000c\000u\000m\000e\000n\000t\000a\000t\000i\000o\000n}{}% 210
\BOOKMARK [1][-]{section.7.1}{\376\377\0007\000.\0001\000\040\000a\000n\000t\000s\000.\000p\000y\000\040\000F\000i\000l\000e\000\040\000R\000e\000f\000e\000r\000e\000n\000c\000e}{chapter.7}% 211
\BOOKMARK [1][-]{section.7.2}{\376\377\0007\000.\0002\000\040\000a\000n\000t\000s\000.\000p\000y}{chapter.7}% 212
\BOOKMARK [1][-]{section.7.3}{\376\377\0007\000.\0003\000\040\000c\000o\000n\000s\000t\000a\000n\000t\000s\000.\000p\000y\000\040\000F\000i\000l\000e\000\040\000R\000e\000f\000e\000r\000e\000n\000c\000e}{chapter.7}% 213
\BOOKMARK [1][-]{section.7.4}{\376\377\0007\000.\0004\000\040\000c\000o\000n\000s\000t\000a\000n\000t\000s\000.\000p\000y}{chapter.7}% 214
\BOOKMARK [1][-]{section.7.5}{\376\377\0007\000.\0005\000\040\000c\000o\000n\000t\000r\000o\000l\000l\000e\000r\000.\000p\000y\000\040\000F\000i\000l\000e\000\040\000R\000e\000f\000e\000r\000e\000n\000c\000e}{chapter.7}% 215
\BOOKMARK [1][-]{section.7.6}{\376\377\0007\000.\0006\000\040\000c\000o\000n\000t\000r\000o\000l\000l\000e\000r\000.\000p\000y}{chapter.7}% 216
\BOOKMARK [1][-]{section.7.7}{\376\377\0007\000.\0007\000\040\000d\000i\000s\000p\000l\000a\000y\000.\000p\000y\000\040\000F\000i\000l\000e\000\040\000R\000e\000f\000e\000r\000e\000n\000c\000e}{chapter.7}% 217
\BOOKMARK [1][-]{section.7.8}{\376\377\0007\000.\0008\000\040\000d\000i\000s\000p\000l\000a\000y\000.\000p\000y}{chapter.7}% 218
\BOOKMARK [1][-]{section.7.9}{\376\377\0007\000.\0009\000\040\000m\000a\000i\000n\000.\000p\000y\000\040\000F\000i\000l\000e\000\040\000R\000e\000f\000e\000r\000e\000n\000c\000e}{chapter.7}% 219
\BOOKMARK [1][-]{section.7.10}{\376\377\0007\000.\0001\0000\000\040\000m\000a\000i\000n\000.\000p\000y}{chapter.7}% 220
\BOOKMARK [1][-]{section.7.11}{\376\377\0007\000.\0001\0001\000\040\000t\000a\000s\000k\000\137\000m\000a\000n\000a\000g\000e\000r\000.\000p\000y\000\040\000F\000i\000l\000e\000\040\000R\000e\000f\000e\000r\000e\000n\000c\000e}{chapter.7}% 221
\BOOKMARK [1][-]{section.7.12}{\376\377\0007\000.\0001\0002\000\040\000t\000a\000s\000k\000\137\000m\000a\000n\000a\000g\000e\000r\000.\000p\000y}{chapter.7}% 222
\BOOKMARK [1][-]{section.7.13}{\376\377\0007\000.\0001\0003\000\040\000w\000o\000r\000l\000d\000.\000p\000y\000\040\000F\000i\000l\000e\000\040\000R\000e\000f\000e\000r\000e\000n\000c\000e}{chapter.7}% 223
\BOOKMARK [1][-]{section.7.14}{\376\377\0007\000.\0001\0004\000\040\000w\000o\000r\000l\000d\000.\000p\000y}{chapter.7}% 224
\BOOKMARK [0][-]{section*.51}{\376\377\000I\000n\000d\000e\000x}{}% 225
